<?xml version="1.0" encoding="UTF-8"?>
<testng-results ignored="0" total="1" passed="1" failed="0" skipped="0">
  <reporter-output>
  </reporter-output>
  <suite started-at="2020-04-14T10:46:05Z" name="Default suite" finished-at="2020-04-14T10:58:48Z" duration-ms="763135">
    <groups>
    </groups>
    <test started-at="2020-04-14T10:46:05Z" name="Default test" finished-at="2020-04-14T10:58:48Z" duration-ms="763135">
      <class name="com.magic.test.NewsMailerTest">
        <test-method is-config="true" signature="beforesuite()[pri:0, instance:com.magic.test.NewsMailerTest@1fd14d74]" started-at="2020-04-14T16:16:05Z" name="beforesuite" finished-at="2020-04-14T16:16:05Z" duration-ms="203" status="PASS">
          <reporter-output>
          </reporter-output>
        </test-method> <!-- beforesuite -->
        <test-method is-config="true" signature="beforetest()[pri:0, instance:com.magic.test.NewsMailerTest@1fd14d74]" started-at="2020-04-14T16:16:05Z" name="beforetest" finished-at="2020-04-14T16:16:05Z" duration-ms="0" status="PASS">
          <reporter-output>
          </reporter-output>
        </test-method> <!-- beforetest -->
        <test-method is-config="true" signature="beforeclass()[pri:0, instance:com.magic.test.NewsMailerTest@1fd14d74]" started-at="2020-04-14T16:16:05Z" name="beforeclass" finished-at="2020-04-14T16:16:10Z" duration-ms="4523" status="PASS">
          <reporter-output>
          </reporter-output>
        </test-method> <!-- beforeclass -->
        <test-method signature="runtest()[pri:1, instance:com.magic.test.NewsMailerTest@1fd14d74]" started-at="2020-04-14T16:16:10Z" name="runtest" finished-at="2020-04-14T16:28:48Z" duration-ms="758534" status="PASS">
          <reporter-output>
          </reporter-output>
        </test-method> <!-- runtest -->
        <test-method is-config="true" signature="afterclass()[pri:0, instance:com.magic.test.NewsMailerTest@1fd14d74]" started-at="2020-04-14T16:28:48Z" name="afterclass" finished-at="2020-04-14T16:28:48Z" duration-ms="0" status="PASS">
          <reporter-output>
          </reporter-output>
        </test-method> <!-- afterclass -->
        <test-method is-config="true" signature="aftertest()[pri:0, instance:com.magic.test.NewsMailerTest@1fd14d74]" started-at="2020-04-14T16:28:48Z" name="aftertest" finished-at="2020-04-14T16:28:48Z" duration-ms="0" status="PASS">
          <reporter-output>
          </reporter-output>
        </test-method> <!-- aftertest -->
        <test-method is-config="true" signature="aftersuite()[pri:0, instance:com.magic.test.NewsMailerTest@1fd14d74]" started-at="2020-04-14T16:28:49Z" name="aftersuite" finished-at="2020-04-14T16:28:49Z" duration-ms="1" status="PASS">
          <reporter-output>
          </reporter-output>
        </test-method> <!-- aftersuite -->
      </class> <!-- com.magic.test.NewsMailerTest -->
    </test> <!-- Default test -->
  </suite> <!-- Default suite -->
</testng-results>
